<?xml version="1.0" encoding="UTF-8"?>
<robot generator="Robot 4.0.1 (Python 3.9.4 on win32)" generated="20210509 12:46:28.777" rpa="false" schemaversion="2">
<suite id="s1" name="First-Test" source="C:\Users\Бабенко\Robot.fb\test-files\first-test.robot">
<test id="s1-t1" name="Open Store &amp; Verify Store">
<kw name="Navigate To Store">
<kw name="Open Browser" library="SeleniumLibrary">
<arg>http://automationpractice.com/</arg>
<arg>browser=chrome</arg>
<doc>Opens a new browser instance to the optional ``url``.</doc>
<msg timestamp="20210509 12:46:28.955" level="INFO">Opening browser 'chrome' to base url 'http://automationpractice.com/'.</msg>
<status status="PASS" starttime="20210509 12:46:28.955" endtime="20210509 12:46:36.714"/>
</kw>
<status status="PASS" starttime="20210509 12:46:28.955" endtime="20210509 12:46:36.715"/>
</kw>
<kw name="Verify Page Title Contains Store">
<kw name="Get Title" library="SeleniumLibrary">
<var>${Get_title}</var>
<doc>Returns the title of the current page.</doc>
<msg timestamp="20210509 12:46:36.721" level="INFO">${Get_title} = My Store</msg>
<status status="PASS" starttime="20210509 12:46:36.716" endtime="20210509 12:46:36.721"/>
</kw>
<kw name="Should Be Equal As Strings" library="BuiltIn">
<arg>${Get_title}</arg>
<arg>My Store</arg>
<doc>Fails if objects are unequal after converting them to strings.</doc>
<status status="PASS" starttime="20210509 12:46:36.722" endtime="20210509 12:46:36.722"/>
</kw>
<status status="PASS" starttime="20210509 12:46:36.715" endtime="20210509 12:46:36.723"/>
</kw>
<kw name="Signin With Dummy Email">
<kw name="Click Element" library="SeleniumLibrary">
<arg>css=.login</arg>
<doc>Click the element identified by ``locator``.</doc>
<msg timestamp="20210509 12:46:36.725" level="INFO">Clicking element 'css=.login'.</msg>
<status status="PASS" starttime="20210509 12:46:36.724" endtime="20210509 12:46:40.625"/>
</kw>
<kw name="Wait Until Page Contains Element" library="SeleniumLibrary">
<arg>email</arg>
<arg>20s</arg>
<doc>Waits until the element ``locator`` appears on the current page.</doc>
<status status="PASS" starttime="20210509 12:46:40.626" endtime="20210509 12:46:40.636"/>
</kw>
<kw name="Generate Random Emails">
<var>${random_email}</var>
<arg>${8}</arg>
<msg timestamp="20210509 12:46:40.639" level="FAIL">No keyword with name 'Generate Random Emails' found.</msg>
<status status="FAIL" starttime="20210509 12:46:40.639" endtime="20210509 12:46:40.639"/>
</kw>
<kw name="Press Keys" library="SeleniumLibrary">
<arg>email</arg>
<arg>${random_email}</arg>
<doc>Simulates the user pressing key(s) to an element or on the active browser.</doc>
<status status="NOT RUN" starttime="20210509 12:46:40.639" endtime="20210509 12:46:40.639"/>
</kw>
<kw name="Press Keys" library="SeleniumLibrary">
<arg>passwd</arg>
<arg>password123</arg>
<doc>Simulates the user pressing key(s) to an element or on the active browser.</doc>
<status status="NOT RUN" starttime="20210509 12:46:40.639" endtime="20210509 12:46:40.640"/>
</kw>
<status status="FAIL" starttime="20210509 12:46:36.723" endtime="20210509 12:46:40.640"/>
</kw>
<status status="FAIL" starttime="20210509 12:46:28.954" endtime="20210509 12:46:40.641">No keyword with name 'Generate Random Emails' found.</status>
</test>
<status status="FAIL" starttime="20210509 12:46:28.778" endtime="20210509 12:46:40.643"/>
</suite>
<statistics>
<total>
<stat pass="0" fail="1" skip="0">All Tests</stat>
</total>
<tag>
</tag>
<suite>
<stat pass="0" fail="1" skip="0" id="s1" name="First-Test">First-Test</stat>
</suite>
</statistics>
<errors>
<msg timestamp="20210509 12:46:28.951" level="ERROR">Error in file 'C:\Users\Бабенко\Robot.fb\test-files\first-test.robot' on line 3: Importing library 'C:\Users\Бабенко\Robot.fb\test-files\lib\CustomLib.py' failed: IndentationError: unexpected indent (CustomLib.py, line 23)
Traceback (most recent call last):
  None
PYTHONPATH:
  C:\Users\Бабенко\AppData\Local\Programs\Python\Python39\Scripts\robot.exe
  c:\users\бабенко\appdata\local\programs\python\python39\python39.zip
  c:\users\бабенко\appdata\local\programs\python\python39\DLLs
  c:\users\бабенко\appdata\local\programs\python\python39\lib
  c:\users\бабенко\appdata\local\programs\python\python39
  C:\Users\Бабенко\AppData\Roaming\Python\Python39\site-packages
  c:\users\бабенко\appdata\local\programs\python\python39\lib\site-packages</msg>
</errors>
</robot>
